 PATH  FOUND 
 0) 0.00,0.00
 PATH  FOUND 
 1) 0.00,0.00
 PATH  FOUND 
 2) 0.00,0.00
 PATH  FOUND 
 3) 0.00,0.00
 PATH  FOUND 
 4) 0.00,0.00
 PATH  FOUND 
 5) 0.00,1025.50
 PATH  FOUND 
 6) 0.00,1001.30
 PATH  FOUND 
 7) 0.00,0.00
 PATH  FOUND 
 8) 0.00,716.40
 PATH  FOUND 
 9) 0.00,0.00
 PATH  FOUND 
10) 0.00,610.20
    0.00,1632.60
    0.00,2602.40
    0.00,3625.70
    0.00,4443.00
 PATH  FOUND 
11) 0.00,1177.10
 PATH  FOUND 
12) 0.00,1365.30
 PATH  FOUND 
13) 0.00,1384.70

Object origin:
0.000000 2221.500000

Eagle Command:
set wire_bend 2;
change layer tDocu;
set width 0;
poly (R 0.000000 111.075000) (R 0.000000 111.075000);
poly (R 0.000000 111.075000) (R 0.000000 111.075000);
poly (R 0.000000 111.075000) (R 0.000000 111.075000);
poly (R 0.000000 111.075000) (R 0.000000 111.075000);
poly (R 0.000000 111.075000) (R 0.000000 111.075000);
poly (R 0.000000 59.800000) (R 0.000000 59.800000);
poly (R 0.000000 61.010000) (R 0.000000 61.010000);
poly (R 0.000000 111.075000) (R 0.000000 111.075000);
poly (R 0.000000 75.255000) (R 0.000000 75.255000);
poly (R 0.000000 111.075000) (R 0.000000 111.075000);
poly (R 0.000000 80.565000) (R 0.000000 29.445000) (R 0.000000 -19.045000) (R 0.000000 -70.210000) (R 0.000000 -111.075000) (R 0.000000 80.565000);
poly (R 0.000000 52.220000) (R 0.000000 52.220000);
poly (R 0.000000 42.810000) (R 0.000000 42.810000);
poly (R 0.000000 41.840000) (R 0.000000 41.840000);

